example/build/app/intermediates/manifest_merge_blame_file/debug/manifest-merger-blame-debug-report.txt
1<?xml version="1.0" encoding="utf-8"?>
2<manifest xmlns:android="http://schemas.android.com/apk/res/android"
3    package="com.tnex.chat.tnexchat_example"
4    android:versionCode="1"
5    android:versionName="1.0" >
6
7    <uses-sdk
8        android:minSdkVersion="23"
9        android:targetSdkVersion="32" />
10    <!--
11         Flutter needs it to communicate with the running application
12         to allow setting breakpoints, to provide hot reload, etc.
13    -->
14    <uses-permission android:name="android.permission.INTERNET" />
14-->src/debug/AndroidManifest.xml:6:5-66
14-->src/debug/AndroidManifest.xml:6:22-64
15    <uses-permission android:name="android.permission.ACCESS_NETWORK_STATE" />
15-->[:TnexMatrix9:] AndroidManifest.xml:10:5-79
15-->[:TnexMatrix9:] AndroidManifest.xml:10:22-76
16    <uses-permission android:name="android.permission.VIBRATE" /> <!-- TODO Is WRITE_EXTERNAL_STORAGE necessary? -->
16-->[:TnexMatrix9:] AndroidManifest.xml:12:5-66
16-->[:TnexMatrix9:] AndroidManifest.xml:12:22-63
17    <uses-permission android:name="android.permission.WRITE_EXTERNAL_STORAGE" />
17-->[:TnexMatrix9:] AndroidManifest.xml:13:5-81
17-->[:TnexMatrix9:] AndroidManifest.xml:13:22-78
18    <uses-permission android:name="android.permission.READ_EXTERNAL_STORAGE" />
18-->[:TnexMatrix9:] AndroidManifest.xml:14:5-80
18-->[:TnexMatrix9:] AndroidManifest.xml:14:22-77
19    <uses-permission android:name="android.permission.USE_FINGERPRINT" />
19-->[:TnexMatrix9:] AndroidManifest.xml:15:5-74
19-->[:TnexMatrix9:] AndroidManifest.xml:15:22-71
20    <uses-permission android:name="android.permission.BLUETOOTH" />
20-->[org.jitsi.react:jitsi-meet-sdk:3.10.0] AndroidManifest.xml:11:5-68
20-->[org.jitsi.react:jitsi-meet-sdk:3.10.0] AndroidManifest.xml:11:22-65
21    <uses-permission android:name="android.permission.CAMERA" />
21-->[org.jitsi.react:jitsi-meet-sdk:3.10.0] AndroidManifest.xml:12:5-65
21-->[org.jitsi.react:jitsi-meet-sdk:3.10.0] AndroidManifest.xml:12:22-62
22    <uses-permission android:name="android.permission.MANAGE_OWN_CALLS" />
22-->[org.jitsi.react:jitsi-meet-sdk:3.10.0] AndroidManifest.xml:14:5-75
22-->[org.jitsi.react:jitsi-meet-sdk:3.10.0] AndroidManifest.xml:14:22-72
23    <uses-permission android:name="android.permission.MODIFY_AUDIO_SETTINGS" />
23-->[org.jitsi.react:jitsi-meet-sdk:3.10.0] AndroidManifest.xml:15:5-80
23-->[org.jitsi.react:jitsi-meet-sdk:3.10.0] AndroidManifest.xml:15:22-77
24    <uses-permission android:name="android.permission.RECORD_AUDIO" />
24-->[org.jitsi.react:jitsi-meet-sdk:3.10.0] AndroidManifest.xml:16:5-71
24-->[org.jitsi.react:jitsi-meet-sdk:3.10.0] AndroidManifest.xml:16:22-68
25    <uses-permission android:name="android.permission.SYSTEM_ALERT_WINDOW" />
25-->[org.jitsi.react:jitsi-meet-sdk:3.10.0] AndroidManifest.xml:17:5-78
25-->[org.jitsi.react:jitsi-meet-sdk:3.10.0] AndroidManifest.xml:17:22-75
26    <uses-permission android:name="android.permission.WAKE_LOCK" />
26-->[org.jitsi.react:jitsi-meet-sdk:3.10.0] AndroidManifest.xml:18:5-68
26-->[org.jitsi.react:jitsi-meet-sdk:3.10.0] AndroidManifest.xml:18:22-65
27    <uses-permission android:name="android.permission.ACCESS_WIFI_STATE" />
27-->[org.jitsi.react:jitsi-meet-sdk:3.10.0] AndroidManifest.xml:19:5-76
27-->[org.jitsi.react:jitsi-meet-sdk:3.10.0] AndroidManifest.xml:19:22-73
28    <uses-permission android:name="android.permission.FOREGROUND_SERVICE" />
28-->[org.jitsi.react:jitsi-meet-sdk:3.10.0] AndroidManifest.xml:20:5-77
28-->[org.jitsi.react:jitsi-meet-sdk:3.10.0] AndroidManifest.xml:20:22-74
29
30    <uses-feature
30-->[org.jitsi.react:jitsi-meet-sdk:3.10.0] AndroidManifest.xml:22:5-24:35
31        android:glEsVersion="0x00020000"
31-->[org.jitsi.react:jitsi-meet-sdk:3.10.0] AndroidManifest.xml:23:9-41
32        android:required="true" />
32-->[org.jitsi.react:jitsi-meet-sdk:3.10.0] AndroidManifest.xml:24:9-32
33    <uses-feature
33-->[org.jitsi.react:jitsi-meet-sdk:3.10.0] AndroidManifest.xml:25:5-27:36
34        android:name="android.hardware.camera"
34-->[org.jitsi.react:jitsi-meet-sdk:3.10.0] AndroidManifest.xml:26:9-47
35        android:required="false" />
35-->[org.jitsi.react:jitsi-meet-sdk:3.10.0] AndroidManifest.xml:27:9-33
36    <uses-feature
36-->[org.jitsi.react:jitsi-meet-sdk:3.10.0] AndroidManifest.xml:28:5-30:36
37        android:name="android.hardware.camera.autofocus"
37-->[org.jitsi.react:jitsi-meet-sdk:3.10.0] AndroidManifest.xml:29:9-57
38        android:required="false" />
38-->[org.jitsi.react:jitsi-meet-sdk:3.10.0] AndroidManifest.xml:30:9-33
39
40    <uses-permission android:name="android.permission.WRITE_CALENDAR" />
40-->[com.facebook.react:react-native-calendar-events:2.0.0-jitsi-8602449] AndroidManifest.xml:11:5-73
40-->[com.facebook.react:react-native-calendar-events:2.0.0-jitsi-8602449] AndroidManifest.xml:11:22-70
41    <uses-permission android:name="android.permission.READ_CALENDAR" /> <!-- Required by older versions of Google Play services to create IID tokens -->
41-->[com.facebook.react:react-native-calendar-events:2.0.0-jitsi-8602449] AndroidManifest.xml:12:5-72
41-->[com.facebook.react:react-native-calendar-events:2.0.0-jitsi-8602449] AndroidManifest.xml:12:22-69
42    <uses-permission android:name="com.google.android.c2dm.permission.RECEIVE" />
42-->[com.google.firebase:firebase-messaging:23.0.2] AndroidManifest.xml:28:5-82
42-->[com.google.firebase:firebase-messaging:23.0.2] AndroidManifest.xml:28:22-79
43    <uses-permission android:name="android.permission.RECEIVE_BOOT_COMPLETED" />
43-->[androidx.work:work-runtime:2.7.1] AndroidManifest.xml:27:5-81
43-->[androidx.work:work-runtime:2.7.1] AndroidManifest.xml:27:22-78
44
45    <application
45-->src/main/AndroidManifest.xml:4:4-44:19
46        android:name="com.tnex.chat.tnexchat.MatrixApplication"
46-->[:tnexchat] AndroidManifest.xml:8:18-73
47        android:allowBackup="false"
47-->src/main/AndroidManifest.xml:8:9-36
48        android:appComponentFactory="androidx.core.app.CoreComponentFactory"
48-->[androidx.core:core:1.7.0] AndroidManifest.xml:24:18-86
49        android:debuggable="true"
50        android:exported="false"
50-->src/main/AndroidManifest.xml:7:9-33
51        android:extractNativeLibs="false"
52        android:icon="@mipmap/ic_launcher"
52-->src/main/AndroidManifest.xml:6:9-43
53        android:label="tnexchat_example"
53-->src/main/AndroidManifest.xml:5:9-41
54        android:networkSecurityConfig="@xml/network_security_config"
54-->[:TnexMatrix9:] AndroidManifest.xml:20:9-69
55        android:supportsRtl="true"
55-->[org.jitsi.react:jitsi-meet-sdk:3.10.0] AndroidManifest.xml:35:9-35
56        android:testOnly="true"
57        android:theme="@style/Theme.Vector.Light" >
57-->[:TnexMatrix9:] AndroidManifest.xml:21:9-50
58        <activity
58-->src/main/AndroidManifest.xml:10:9-38:20
59            android:name="com.tnex.chat.tnexchat_example.MainActivity"
59-->src/main/AndroidManifest.xml:11:13-41
60            android:configChanges="orientation|keyboardHidden|keyboard|screenSize|smallestScreenSize|locale|layoutDirection|fontScale|screenLayout|density|uiMode"
60-->src/main/AndroidManifest.xml:13:13-163
61            android:exported="true"
61-->src/main/AndroidManifest.xml:16:13-36
62            android:hardwareAccelerated="true"
62-->src/main/AndroidManifest.xml:14:13-47
63            android:launchMode="singleTop"
63-->src/main/AndroidManifest.xml:12:13-43
64            android:windowSoftInputMode="adjustResize" >
64-->src/main/AndroidManifest.xml:15:13-55
65
66            <!--
67                 Specifies an Android theme to apply to this Activity as soon as
68                 the Android process has started. This theme is visible to the user
69                 while the Flutter UI initializes. After that, this theme continues
70                 to determine the Window background behind the Flutter UI.
71            -->
72            <meta-data
72-->src/main/AndroidManifest.xml:21:13-24:17
73                android:name="io.flutter.embedding.android.NormalTheme"
73-->src/main/AndroidManifest.xml:22:15-70
74                android:resource="@style/NormalTheme" />
74-->src/main/AndroidManifest.xml:23:15-52
75            <!--
76                 Displays an Android View that continues showing the launch screen
77                 Drawable until Flutter paints its first frame, then this splash
78                 screen fades out. A splash screen is useful to avoid any visual
79                 gap between the end of Android's launch screen and the painting of
80                 Flutter's first frame.
81            -->
82            <meta-data
82-->src/main/AndroidManifest.xml:30:13-33:17
83                android:name="io.flutter.embedding.android.SplashScreenDrawable"
83-->src/main/AndroidManifest.xml:31:15-79
84                android:resource="@drawable/launch_background" />
84-->src/main/AndroidManifest.xml:32:15-61
85
86            <intent-filter>
86-->src/main/AndroidManifest.xml:34:13-37:29
87                <action android:name="android.intent.action.MAIN" />
87-->src/main/AndroidManifest.xml:35:17-68
87-->src/main/AndroidManifest.xml:35:25-66
88
89                <category android:name="android.intent.category.LAUNCHER" />
89-->src/main/AndroidManifest.xml:36:17-76
89-->src/main/AndroidManifest.xml:36:27-74
90            </intent-filter>
91        </activity>
92        <!--
93             Don't delete the meta-data below.
94             This is used by the Flutter tool to generate GeneratedPluginRegistrant.java
95        -->
96        <meta-data
96-->src/main/AndroidManifest.xml:41:9-43:33
97            android:name="flutterEmbedding"
97-->src/main/AndroidManifest.xml:42:13-44
98            android:value="2" />
98-->src/main/AndroidManifest.xml:43:13-30
99
100        <service
100-->[com.google.firebase:firebase-messaging-ktx:23.0.2] AndroidManifest.xml:26:9-32:19
101            android:name="com.google.firebase.components.ComponentDiscoveryService"
101-->[com.google.firebase:firebase-messaging-ktx:23.0.2] AndroidManifest.xml:27:13-84
102            android:directBootAware="true"
102-->[com.google.firebase:firebase-common:20.1.0] AndroidManifest.xml:35:13-43
103            android:exported="false" >
103-->[com.google.firebase:firebase-messaging-ktx:23.0.2] AndroidManifest.xml:28:13-37
104            <meta-data
104-->[com.google.firebase:firebase-messaging-ktx:23.0.2] AndroidManifest.xml:29:13-31:85
105                android:name="com.google.firebase.components:com.google.firebase.messaging.ktx.FirebaseMessagingKtxRegistrar"
105-->[com.google.firebase:firebase-messaging-ktx:23.0.2] AndroidManifest.xml:30:17-126
106                android:value="com.google.firebase.components.ComponentRegistrar" />
106-->[com.google.firebase:firebase-messaging-ktx:23.0.2] AndroidManifest.xml:31:17-82
107            <meta-data
107-->[com.google.firebase:firebase-common-ktx:20.1.0] AndroidManifest.xml:15:13-17:85
108                android:name="com.google.firebase.components:com.google.firebase.ktx.FirebaseCommonKtxRegistrar"
108-->[com.google.firebase:firebase-common-ktx:20.1.0] AndroidManifest.xml:16:17-113
109                android:value="com.google.firebase.components.ComponentRegistrar" />
109-->[com.google.firebase:firebase-common-ktx:20.1.0] AndroidManifest.xml:17:17-82
110            <meta-data
110-->[com.google.firebase:firebase-messaging:23.0.2] AndroidManifest.xml:55:13-57:85
111                android:name="com.google.firebase.components:com.google.firebase.messaging.FirebaseMessagingRegistrar"
111-->[com.google.firebase:firebase-messaging:23.0.2] AndroidManifest.xml:56:17-119
112                android:value="com.google.firebase.components.ComponentRegistrar" />
112-->[com.google.firebase:firebase-messaging:23.0.2] AndroidManifest.xml:57:17-82
113            <meta-data
113-->[com.google.firebase:firebase-datatransport:18.1.1] AndroidManifest.xml:28:13-30:85
114                android:name="com.google.firebase.components:com.google.firebase.datatransport.TransportRegistrar"
114-->[com.google.firebase:firebase-datatransport:18.1.1] AndroidManifest.xml:29:17-115
115                android:value="com.google.firebase.components.ComponentRegistrar" />
115-->[com.google.firebase:firebase-datatransport:18.1.1] AndroidManifest.xml:30:17-82
116            <meta-data
116-->[com.google.firebase:firebase-installations:17.0.1] AndroidManifest.xml:18:13-20:85
117                android:name="com.google.firebase.components:com.google.firebase.installations.FirebaseInstallationsRegistrar"
117-->[com.google.firebase:firebase-installations:17.0.1] AndroidManifest.xml:19:17-127
118                android:value="com.google.firebase.components.ComponentRegistrar" />
118-->[com.google.firebase:firebase-installations:17.0.1] AndroidManifest.xml:20:17-82
119        </service>
120
121        <uses-library
121-->[androidx.window:window:1.0.0] AndroidManifest.xml:25:9-27:40
122            android:name="androidx.window.extensions"
122-->[androidx.window:window:1.0.0] AndroidManifest.xml:26:13-54
123            android:required="false" />
123-->[androidx.window:window:1.0.0] AndroidManifest.xml:27:13-37
124        <uses-library
124-->[androidx.window:window:1.0.0] AndroidManifest.xml:28:9-30:40
125            android:name="androidx.window.sidecar"
125-->[androidx.window:window:1.0.0] AndroidManifest.xml:29:13-51
126            android:required="false" /> <!-- Firebase components -->
126-->[androidx.window:window:1.0.0] AndroidManifest.xml:30:13-37
127        <meta-data
127-->[:TnexMatrix9:] AndroidManifest.xml:24:9-26:36
128            android:name="firebase_analytics_collection_deactivated"
128-->[:TnexMatrix9:] AndroidManifest.xml:25:13-69
129            android:value="true" />
129-->[:TnexMatrix9:] AndroidManifest.xml:26:13-33
130
131        <service
131-->[:TnexMatrix9:] AndroidManifest.xml:28:9-34:19
132            android:name="com.tnex.matrix.gplay.gplay.push.fcm.VectorFirebaseMessagingService"
132-->[:TnexMatrix9:] AndroidManifest.xml:29:13-95
133            android:exported="false" >
133-->[:TnexMatrix9:] AndroidManifest.xml:30:13-37
134            <intent-filter>
134-->[:TnexMatrix9:] AndroidManifest.xml:31:13-33:29
135                <action android:name="com.google.firebase.MESSAGING_EVENT" />
135-->[:TnexMatrix9:] AndroidManifest.xml:32:17-78
135-->[:TnexMatrix9:] AndroidManifest.xml:32:25-75
136            </intent-filter>
137        </service>
138
139        <meta-data
139-->[:TnexMatrix9:] AndroidManifest.xml:36:9-38:35
140            android:name="android.max_aspect"
140-->[:TnexMatrix9:] AndroidManifest.xml:37:13-46
141            android:value="9.9" />
141-->[:TnexMatrix9:] AndroidManifest.xml:38:13-32
142        <meta-data
142-->[:TnexMatrix9:] AndroidManifest.xml:39:9-41:59
143            android:name="com.google.android.gms.car.application"
143-->[:TnexMatrix9:] AndroidManifest.xml:40:13-66
144            android:resource="@xml/automotive_app_desc" />
144-->[:TnexMatrix9:] AndroidManifest.xml:41:13-56
145
146        <activity
146-->[:TnexMatrix9:] AndroidManifest.xml:43:9-46:20
147            android:name="com.tnex.matrix.app.TestActivity"
147-->[:TnexMatrix9:] AndroidManifest.xml:44:13-60
148            android:exported="false" >
148-->[:TnexMatrix9:] AndroidManifest.xml:45:13-37
149        </activity>
150        <activity
150-->[:TnexMatrix9:] AndroidManifest.xml:47:9-49:60
151            android:name="com.tnex.matrix.app.features.MainActivity"
151-->[:TnexMatrix9:] AndroidManifest.xml:48:13-69
152            android:theme="@style/Theme.Vector.Launcher" /> <!-- Activity alias for the launcher Activity (must be declared after the Activity it targets) -->
152-->[:TnexMatrix9:] AndroidManifest.xml:49:13-57
153        <!-- exported="true" is required to launch application -->
154        <activity-alias
154-->[:TnexMatrix9:] AndroidManifest.xml:51:9-55:26
155            android:name="com.tnex.matrix.features.Alias"
155-->[:TnexMatrix9:] AndroidManifest.xml:52:13-58
156            android:exported="true"
156-->[:TnexMatrix9:] AndroidManifest.xml:53:13-36
157            android:targetActivity="com.tnex.matrix.app.features.MainActivity" >
157-->[:TnexMatrix9:] AndroidManifest.xml:54:13-79
158        </activity-alias>
159
160        <activity android:name="com.tnex.matrix.app.features.home.HomeActivity" />
160-->[:TnexMatrix9:] AndroidManifest.xml:57:9-83
160-->[:TnexMatrix9:] AndroidManifest.xml:57:19-80
161        <activity
161-->[:TnexMatrix9:] AndroidManifest.xml:58:9-74:20
162            android:name="com.tnex.matrix.app.features.login.SSORedirectRouterActivity"
162-->[:TnexMatrix9:] AndroidManifest.xml:59:13-88
163            android:exported="true"
163-->[:TnexMatrix9:] AndroidManifest.xml:60:13-36
164            android:theme="@style/Theme.Vector.Black.Transparent" >
164-->[:TnexMatrix9:] AndroidManifest.xml:61:13-66
165
166            <!-- Add intent filter to handle redirection URL after SSO login in external browser -->
167            <intent-filter>
167-->[:TnexMatrix9:] AndroidManifest.xml:64:13-73:29
168                <action android:name="android.intent.action.VIEW" />
168-->[:TnexMatrix9:] AndroidManifest.xml:65:17-69
168-->[:TnexMatrix9:] AndroidManifest.xml:65:25-66
169
170                <category android:name="android.intent.category.DEFAULT" />
170-->[:TnexMatrix9:] AndroidManifest.xml:67:17-76
170-->[:TnexMatrix9:] AndroidManifest.xml:67:27-73
171                <category android:name="android.intent.category.BROWSABLE" />
171-->[:TnexMatrix9:] AndroidManifest.xml:68:17-78
171-->[:TnexMatrix9:] AndroidManifest.xml:68:27-75
172
173                <data
173-->[:TnexMatrix9:] AndroidManifest.xml:70:17-72:48
174                    android:host="connect"
174-->[:TnexMatrix9:] AndroidManifest.xml:71:21-43
175                    android:scheme="element" />
175-->[:TnexMatrix9:] AndroidManifest.xml:72:21-45
176            </intent-filter>
177        </activity>
178        <activity
178-->[:TnexMatrix9:] AndroidManifest.xml:75:9-78:58
179            android:name="com.tnex.matrix.app.features.login.LoginActivity"
179-->[:TnexMatrix9:] AndroidManifest.xml:76:13-76
180            android:launchMode="singleTask"
180-->[:TnexMatrix9:] AndroidManifest.xml:77:13-44
181            android:windowSoftInputMode="adjustResize" />
181-->[:TnexMatrix9:] AndroidManifest.xml:78:13-55
182        <activity
182-->[:TnexMatrix9:] AndroidManifest.xml:79:9-82:58
183            android:name="com.tnex.matrix.app.features.onboarding.OnboardingActivity"
183-->[:TnexMatrix9:] AndroidManifest.xml:80:13-86
184            android:launchMode="singleTask"
184-->[:TnexMatrix9:] AndroidManifest.xml:81:13-44
185            android:windowSoftInputMode="adjustResize" /> <!-- Add tools:ignore="Instantiatable" for the error reported only by Buildkite :/ -->
185-->[:TnexMatrix9:] AndroidManifest.xml:82:13-55
186        <activity
186-->[:TnexMatrix9:] AndroidManifest.xml:85:9-88:45
187            android:name="com.tnex.matrix.app.features.media.VectorAttachmentViewerActivity"
187-->[:TnexMatrix9:] AndroidManifest.xml:86:13-93
188            android:theme="@style/Theme.Vector.Black.Transparent" />
188-->[:TnexMatrix9:] AndroidManifest.xml:87:13-66
189        <activity android:name="com.tnex.matrix.app.features.media.BigImageViewerActivity" />
189-->[:TnexMatrix9:] AndroidManifest.xml:89:9-94
189-->[:TnexMatrix9:] AndroidManifest.xml:89:19-91
190        <activity
190-->[:TnexMatrix9:] AndroidManifest.xml:90:9-92:65
191            android:name="com.tnex.matrix.app.features.rageshake.BugReportActivity"
191-->[:TnexMatrix9:] AndroidManifest.xml:91:13-84
192            android:label="@string/title_activity_bug_report" />
192-->[:TnexMatrix9:] AndroidManifest.xml:92:13-62
193        <activity
193-->[:TnexMatrix9:] AndroidManifest.xml:93:9-96:58
194            android:name="com.tnex.matrix.app.features.settings.VectorSettingsActivity"
194-->[:TnexMatrix9:] AndroidManifest.xml:94:13-88
195            android:label="@string/title_activity_settings"
195-->[:TnexMatrix9:] AndroidManifest.xml:95:13-60
196            android:windowSoftInputMode="adjustResize" />
196-->[:TnexMatrix9:] AndroidManifest.xml:96:13-55
197        <activity
197-->[:TnexMatrix9:] AndroidManifest.xml:97:9-99:72
198            android:name="com.tnex.matrix.app.features.crypto.keysbackup.restore.KeysBackupRestoreActivity"
198-->[:TnexMatrix9:] AndroidManifest.xml:98:13-108
199            android:label="@string/title_activity_keys_backup_setup" />
199-->[:TnexMatrix9:] AndroidManifest.xml:99:13-69
200        <activity
200-->[:TnexMatrix9:] AndroidManifest.xml:100:9-102:74
201            android:name="com.tnex.matrix.app.features.crypto.keysbackup.setup.KeysBackupSetupActivity"
201-->[:TnexMatrix9:] AndroidManifest.xml:101:13-104
202            android:label="@string/title_activity_keys_backup_restore" />
202-->[:TnexMatrix9:] AndroidManifest.xml:102:13-71
203        <activity
203-->[:TnexMatrix9:] AndroidManifest.xml:103:9-105:67
204            android:name="com.tnex.matrix.app.features.crypto.keysbackup.settings.KeysBackupManageActivity"
204-->[:TnexMatrix9:] AndroidManifest.xml:104:13-108
205            android:label="@string/encryption_message_recovery" />
205-->[:TnexMatrix9:] AndroidManifest.xml:105:13-64
206        <activity
206-->[:TnexMatrix9:] AndroidManifest.xml:106:9-108:76
207            android:name="com.tnex.matrix.app.features.reactions.EmojiReactionPickerActivity"
207-->[:TnexMatrix9:] AndroidManifest.xml:107:13-94
208            android:label="@string/title_activity_emoji_reaction_picker" />
208-->[:TnexMatrix9:] AndroidManifest.xml:108:13-73
209        <activity android:name="com.tnex.matrix.app.features.roomdirectory.createroom.CreateRoomActivity" />
209-->[:TnexMatrix9:] AndroidManifest.xml:109:9-109
209-->[:TnexMatrix9:] AndroidManifest.xml:109:19-106
210        <activity android:name="com.tnex.matrix.app.features.roomdirectory.RoomDirectoryActivity" />
210-->[:TnexMatrix9:] AndroidManifest.xml:110:9-101
210-->[:TnexMatrix9:] AndroidManifest.xml:110:19-98
211        <activity android:name="com.tnex.matrix.app.features.roomdirectory.roompreview.RoomPreviewActivity" />
211-->[:TnexMatrix9:] AndroidManifest.xml:111:9-111
211-->[:TnexMatrix9:] AndroidManifest.xml:111:19-108
212        <activity android:name="com.tnex.matrix.app.features.home.room.filtered.FilteredRoomsActivity" />
212-->[:TnexMatrix9:] AndroidManifest.xml:112:9-106
212-->[:TnexMatrix9:] AndroidManifest.xml:112:19-103
213        <activity
213-->[:TnexMatrix9:] AndroidManifest.xml:113:9-119:20
214            android:name="com.tnex.matrix.app.features.home.room.detail.RoomDetailActivity"
214-->[:TnexMatrix9:] AndroidManifest.xml:114:13-92
215            android:parentActivityName="com.tnex.matrix.app.features.home.HomeActivity" >
215-->[:TnexMatrix9:] AndroidManifest.xml:115:13-88
216            <meta-data
216-->[:TnexMatrix9:] AndroidManifest.xml:116:13-118:67
217                android:name="android.support.PARENT_ACTIVITY"
217-->[:TnexMatrix9:] AndroidManifest.xml:117:17-63
218                android:value=".app.features.home.HomeActivity" />
218-->[:TnexMatrix9:] AndroidManifest.xml:118:17-64
219        </activity>
220        <activity android:name="com.tnex.matrix.features.debug.DebugMenuActivity" />
220-->[:TnexMatrix9:] AndroidManifest.xml:120:9-85
220-->[:TnexMatrix9:] AndroidManifest.xml:120:19-82
221        <activity android:name="com.tnex.matrix.app.features.createdirect.CreateDirectRoomActivity" />
221-->[:TnexMatrix9:] AndroidManifest.xml:121:9-103
221-->[:TnexMatrix9:] AndroidManifest.xml:121:19-100
222        <activity android:name="com.tnex.matrix.app.features.invite.InviteUsersToRoomActivity" />
222-->[:TnexMatrix9:] AndroidManifest.xml:122:9-98
222-->[:TnexMatrix9:] AndroidManifest.xml:122:19-95
223        <activity android:name="com.tnex.matrix.app.features.webview.VectorWebViewActivity" /> <!-- Activity to intercept links coming from a web instance -->
223-->[:TnexMatrix9:] AndroidManifest.xml:123:9-95
223-->[:TnexMatrix9:] AndroidManifest.xml:123:19-92
224        <!-- exported="true" is required to handle android.intent.action.VIEW for URL redirection -->
225        <activity
225-->[:TnexMatrix9:] AndroidManifest.xml:127:9-144:20
226            android:name="com.tnex.matrix.app.features.link.LinkHandlerActivity"
226-->[:TnexMatrix9:] AndroidManifest.xml:128:13-81
227            android:enabled="true"
227-->[:TnexMatrix9:] AndroidManifest.xml:129:13-35
228            android:exported="true" >
228-->[:TnexMatrix9:] AndroidManifest.xml:130:13-36
229            <intent-filter>
229-->[:TnexMatrix9:] AndroidManifest.xml:131:13-143:29
230                <action android:name="android.intent.action.VIEW" />
230-->[:TnexMatrix9:] AndroidManifest.xml:65:17-69
230-->[:TnexMatrix9:] AndroidManifest.xml:65:25-66
231
232                <category android:name="android.intent.category.DEFAULT" />
232-->[:TnexMatrix9:] AndroidManifest.xml:67:17-76
232-->[:TnexMatrix9:] AndroidManifest.xml:67:27-73
233                <category android:name="android.intent.category.BROWSABLE" />
233-->[:TnexMatrix9:] AndroidManifest.xml:68:17-78
233-->[:TnexMatrix9:] AndroidManifest.xml:68:27-75
234
235                <data android:scheme="https" />
235-->[:TnexMatrix9:] AndroidManifest.xml:70:17-72:48
235-->[:TnexMatrix9:] AndroidManifest.xml:72:21-45
236                <data android:host="riot.im" />
236-->[:TnexMatrix9:] AndroidManifest.xml:70:17-72:48
236-->[:TnexMatrix9:] AndroidManifest.xml:71:21-43
237                <data android:host="app.element.io" />
237-->[:TnexMatrix9:] AndroidManifest.xml:70:17-72:48
237-->[:TnexMatrix9:] AndroidManifest.xml:71:21-43
238                <data android:host="mobile.element.io" />
238-->[:TnexMatrix9:] AndroidManifest.xml:70:17-72:48
238-->[:TnexMatrix9:] AndroidManifest.xml:71:21-43
239                <data android:host="develop.element.io" />
239-->[:TnexMatrix9:] AndroidManifest.xml:70:17-72:48
239-->[:TnexMatrix9:] AndroidManifest.xml:71:21-43
240                <data android:host="staging.element.io" />
240-->[:TnexMatrix9:] AndroidManifest.xml:70:17-72:48
240-->[:TnexMatrix9:] AndroidManifest.xml:71:21-43
241            </intent-filter>
242        </activity> <!-- Activity alias for matrix.to or element permalinks -->
243        <!-- exported="true" is required to handle android.intent.action.VIEW for URL redirection -->
244        <activity-alias
244-->[:TnexMatrix9:] AndroidManifest.xml:146:9-168:26
245            android:name="com.tnex.matrix.features.permalink.PermalinkHandlerActivity"
245-->[:TnexMatrix9:] AndroidManifest.xml:147:13-87
246            android:enabled="true"
246-->[:TnexMatrix9:] AndroidManifest.xml:148:13-35
247            android:exported="true"
247-->[:TnexMatrix9:] AndroidManifest.xml:149:13-36
248            android:launchMode="singleTask"
248-->[:TnexMatrix9:] AndroidManifest.xml:150:13-44
249            android:targetActivity="com.tnex.matrix.app.features.link.LinkHandlerActivity" >
249-->[:TnexMatrix9:] AndroidManifest.xml:151:13-91
250            <intent-filter>
250-->[:TnexMatrix9:] AndroidManifest.xml:152:13-167:29
251                <action android:name="android.intent.action.VIEW" />
251-->[:TnexMatrix9:] AndroidManifest.xml:65:17-69
251-->[:TnexMatrix9:] AndroidManifest.xml:65:25-66
252
253                <category android:name="android.intent.category.DEFAULT" />
253-->[:TnexMatrix9:] AndroidManifest.xml:67:17-76
253-->[:TnexMatrix9:] AndroidManifest.xml:67:27-73
254                <category android:name="android.intent.category.BROWSABLE" />
254-->[:TnexMatrix9:] AndroidManifest.xml:68:17-78
254-->[:TnexMatrix9:] AndroidManifest.xml:68:27-75
255
256                <data android:scheme="http" />
256-->[:TnexMatrix9:] AndroidManifest.xml:70:17-72:48
256-->[:TnexMatrix9:] AndroidManifest.xml:72:21-45
257                <data android:scheme="https" />
257-->[:TnexMatrix9:] AndroidManifest.xml:70:17-72:48
257-->[:TnexMatrix9:] AndroidManifest.xml:72:21-45
258                <data android:host="matrix.to" />
258-->[:TnexMatrix9:] AndroidManifest.xml:70:17-72:48
258-->[:TnexMatrix9:] AndroidManifest.xml:71:21-43
259                <data
259-->[:TnexMatrix9:] AndroidManifest.xml:70:17-72:48
260                    android:host="user"
260-->[:TnexMatrix9:] AndroidManifest.xml:71:21-43
261                    android:scheme="element" />
261-->[:TnexMatrix9:] AndroidManifest.xml:72:21-45
262                <data
262-->[:TnexMatrix9:] AndroidManifest.xml:70:17-72:48
263                    android:host="room"
263-->[:TnexMatrix9:] AndroidManifest.xml:71:21-43
264                    android:scheme="element" />
264-->[:TnexMatrix9:] AndroidManifest.xml:72:21-45
265            </intent-filter>
266        </activity-alias> <!-- exported="true" is required for the share functionality -->
267        <activity
267-->[:TnexMatrix9:] AndroidManifest.xml:171:9-199:20
268            android:name="com.tnex.matrix.app.features.share.IncomingShareActivity"
268-->[:TnexMatrix9:] AndroidManifest.xml:172:13-84
269            android:exported="true"
269-->[:TnexMatrix9:] AndroidManifest.xml:173:13-36
270            android:parentActivityName="com.tnex.matrix.app.features.home.HomeActivity" >
270-->[:TnexMatrix9:] AndroidManifest.xml:174:13-88
271            <meta-data
271-->[:TnexMatrix9:] AndroidManifest.xml:116:13-118:67
272                android:name="android.support.PARENT_ACTIVITY"
272-->[:TnexMatrix9:] AndroidManifest.xml:117:17-63
273                android:value=".app.features.home.HomeActivity" />
273-->[:TnexMatrix9:] AndroidManifest.xml:118:17-64
274
275            <intent-filter>
275-->[:TnexMatrix9:] AndroidManifest.xml:179:13-186:29
276                <action android:name="android.intent.action.SEND" />
276-->[:TnexMatrix9:] AndroidManifest.xml:180:17-69
276-->[:TnexMatrix9:] AndroidManifest.xml:180:25-66
277
278                <data android:mimeType="*/*" />
278-->[:TnexMatrix9:] AndroidManifest.xml:70:17-72:48
279